Conversión de Solid Edge a STEP
Fecha: sábado,julio 02,2022 04:57p. m.
Archivo de salida: C:\Users\gonzafernan\Documents\00441-Proyecto_Final_de_Estudios\PFE-DualSCARA\CAD files\AxisZ\draft\AxisZ-4Bar.stp
Autor: Unknown
Organización: Unknown
Sistema de origen: Solid Edge

Equipo:
Procesador: Intel(R) Core(TM) i7-7500U CPU @ 2.70GHz
Sistema operativo: Windows 10
Memoria instalada: 7.87 GB

Información del programa
Versión de Parasolid: 31.1.255
Versión de PSBodyShop: 31.1.110
Versión de Step Adapter: 5.0.48
Versión de Solid Edge: 220.00.00.104 x64

Opciones de exportación de STEP
Formato de exportación: AP214
Exportar superficies de construcción: Desactivado
Exportar sólidos de construcción: Desactivado
Exportar curvas de construcción: Desactivado
Exportar sólo piezas mostradas: Desactivado
Exportar unidades: Millimeters
Exportar nombres de componentes de pieza como Unicode: Desactivado
Exportar PMI: Desactivado

Fase 1 de 1 Convirtiendo Parasolid a tipos de datos externos...
Proceso de conversión completado
Tiempo requerido para convertir:00 : 00 : 01
